\BOOKMARK [1][-]{chapter*.3}{\376\377\000S\000p\000i\000s\000\040\000r\000y\000s\000u\000n\000k\000\363\000w}{}% 1
\BOOKMARK [1][-]{chapter*.4}{\376\377\000S\000p\000i\000s\000\040\000t\000a\000b\000l\000i\000c}{}% 2
\BOOKMARK [1][-]{chapter*.5}{\376\377\000S\000p\000i\000s\000\040\000l\000i\000s\000t\000i\000n\000g\000\363\000w}{}% 3
\BOOKMARK [0][-]{chapter*.5}{\376\377\000C\000e\000l\000\040\000p\000r\000a\000c\000y\000\040\000i\000\040\000s\000t\000r\000e\000s\000z\000c\000z\000e\000n\000i\000e}{}% 4
\BOOKMARK [0][-]{chapter.1}{\376\377\000S\000z\000t\000u\000c\000z\000n\000a\000\040\000i\000n\000t\000e\000l\000i\000g\000e\000n\000c\000j\000a}{}% 5
\BOOKMARK [1][-]{section.1.1}{\376\377\000P\000r\000z\000e\000t\000w\000a\000r\000z\000a\000n\000i\000e\000\040\000j\001\031\000z\000y\000k\000a\000\040\000n\000a\000t\000u\000r\000a\000l\000n\000e\000g\000o}{chapter.1}% 6
\BOOKMARK [2][-]{subsection.1.1.1}{\376\377\000D\000o\000\040\000c\000z\000e\000g\000o\000\040\000w\000y\000k\000o\000r\000z\000y\000s\000t\000y\000w\000a\000n\000e\000\040\000j\000e\000s\000t\000\040\000N\000L\000P\000?\000\040}{section.1.1}% 7
\BOOKMARK [2][-]{subsection.1.1.2}{\376\377\000O\000p\000e\000r\000a\000c\000j\000e\000\040\000n\000a\000\040\000d\000a\000n\000y\000c\000h\000\040\000t\000e\000k\000s\000t\000o\000w\000y\000c\000h}{section.1.1}% 8
\BOOKMARK [3][-]{subsubsection.1.1.2.1}{\376\377\000T\000o\000k\000e\000n\000i\000z\000a\000c\000j\000a}{subsection.1.1.2}% 9
\BOOKMARK [3][-]{subsubsection.1.1.2.2}{\376\377\000N\000o\000r\000m\000a\000l\000i\000z\000a\000c\000j\000a}{subsection.1.1.2}% 10
\BOOKMARK [3][-]{subsubsection.1.1.2.3}{\376\377\000U\000s\000u\000w\000a\000n\000i\000e\000\040\000s\001\102\000\363\000w\000-\000s\000t\000o\000p\000\363\000w}{subsection.1.1.2}% 11
\BOOKMARK [3][-]{subsubsection.1.1.2.4}{\376\377\000I\000n\000n\000e\000\040\000p\000r\000z\000e\000k\000s\000z\000t\000a\001\102\000c\000e\000n\000i\000a}{subsection.1.1.2}% 12
\BOOKMARK [3][-]{subsubsection.1.1.2.5}{\376\377\000T\000w\000o\000r\000z\000e\000n\000i\000e\000\040\000N\000-\000g\000r\000a\000m\000\363\000w}{subsection.1.1.2}% 13
\BOOKMARK [3][-]{subsubsection.1.1.2.6}{\376\377\000S\000t\000e\000m\000m\000i\000n\000g}{subsection.1.1.2}% 14
\BOOKMARK [3][-]{subsubsection.1.1.2.7}{\376\377\000L\000e\000m\000a\000t\000y\000z\000a\000c\000j\000a}{subsection.1.1.2}% 15
\BOOKMARK [3][-]{subsubsection.1.1.2.8}{\376\377\000R\000o\000z\000p\000o\000z\000n\000a\000w\000a\000n\000i\000e\000\040\000c\000z\001\031\001\133\000c\000i\000\040\000m\000o\000w\000y}{subsection.1.1.2}% 16
\BOOKMARK [3][-]{subsubsection.1.1.2.9}{\376\377\000R\000o\000z\000p\000o\000z\000n\000a\000w\000a\000n\000i\000e\000\040\000b\000y\000t\000\363\000w\000\040\000n\000a\000z\000w\000a\000n\000y\000c\000h}{subsection.1.1.2}% 17
\BOOKMARK [3][-]{subsubsection.1.1.2.10}{\376\377\000P\000a\000r\000s\000o\000w\000a\000n\000i\000e}{subsection.1.1.2}% 18
\BOOKMARK [1][-]{section.1.2}{\376\377\000P\000o\000d\000s\000t\000a\000w\000y\000\040\000m\000o\000d\000e\000l\000o\000w\000a\000n\000i\000a}{chapter.1}% 19
\BOOKMARK [2][-]{subsection.1.2.1}{\376\377\000D\000e\000f\000i\000n\000i\000c\000j\000e}{section.1.2}% 20
\BOOKMARK [3][-]{subsubsection.1.2.1.1}{\376\377\000U\000c\000z\000e\000n\000i\000e\000\040\000m\000a\000s\000z\000y\000n\000o\000w\000e}{subsection.1.2.1}% 21
\BOOKMARK [3][-]{subsubsection.1.2.1.2}{\376\377\000M\000o\000d\000e\000l\000\040\000p\000r\000e\000d\000y\000k\000c\000y\000j\000n\000y}{subsection.1.2.1}% 22
\BOOKMARK [3][-]{subsubsection.1.2.1.3}{\376\377\000K\000l\000a\000s\000a}{subsection.1.2.1}% 23
\BOOKMARK [3][-]{subsubsection.1.2.1.4}{\376\377\000K\000l\000a\000s\000y\000f\000i\000k\000a\000c\000j\000a\000\040\000b\000i\000n\000a\000r\000n\000a}{subsection.1.2.1}% 24
\BOOKMARK [3][-]{subsubsection.1.2.1.5}{\376\377\000A\000l\000g\000o\000r\000y\000t\000m\000\040\000t\000r\000e\000n\000u\000j\001\005\000c\000y}{subsection.1.2.1}% 25
\BOOKMARK [3][-]{subsubsection.1.2.1.6}{\376\377\000P\000r\000\363\000b\000k\000a}{subsection.1.2.1}% 26
\BOOKMARK [3][-]{subsubsection.1.2.1.7}{\376\377\000A\000t\000r\000y\000b\000u\000t}{subsection.1.2.1}% 27
\BOOKMARK [3][-]{subsubsection.1.2.1.8}{\376\377\000Z\000b\000i\000\363\000r\000\040\000t\000r\000e\000n\000i\000n\000g\000o\000w\000y}{subsection.1.2.1}% 28
\BOOKMARK [3][-]{subsubsection.1.2.1.9}{\376\377\000Z\000b\000i\000\363\000r\000\040\000t\000e\000s\000t\000o\000w\000y}{subsection.1.2.1}% 29
\BOOKMARK [3][-]{subsubsection.1.2.1.10}{\376\377\000H\000i\000p\000e\000r\000p\000a\000r\000a\000m\000e\000t\000r\000y}{subsection.1.2.1}% 30
\BOOKMARK [3][-]{subsubsection.1.2.1.11}{\376\377\000F\000u\000n\000k\000c\000j\000a\000\040\000k\000o\000s\000z\000t\000u\000\040\000\050\000s\000t\000r\000a\000t\000y\000\051}{subsection.1.2.1}% 31
\BOOKMARK [3][-]{subsubsection.1.2.1.12}{\376\377\000B\001\102\001\005\000d}{subsection.1.2.1}% 32
\BOOKMARK [3][-]{subsubsection.1.2.1.13}{\376\377\000W\000a\000l\000i\000d\000a\000c\000j\000a\000\040\040\024\000\040\000m\000e\000t\000r\000y\000k\000i\000\040\000s\000u\000k\000c\000e\000s\000u\000\040\000\050\000m\000o\000d\000e\000l\000\040\000e\000v\000a\000l\000u\000a\000t\000i\000o\000n\000\040\000m\000e\000t\000r\000i\000c\000s\000\051}{subsection.1.2.1}% 33
\BOOKMARK [3][-]{subsubsection.1.2.1.14}{\376\377\000P\000r\000z\000e\000u\000c\000z\000e\000n\000i\000e\000\040\000\050\000o\000v\000e\000r\000f\000i\000t\000t\000i\000n\000g\000\051}{subsection.1.2.1}% 34
\BOOKMARK [3][-]{subsubsection.1.2.1.15}{\376\377\000W\000e\000k\000t\000o\000r\000y\000z\000a\000c\000j\000a\000\040\000t\000e\000k\000s\000t\000u}{subsection.1.2.1}% 35
\BOOKMARK [0][-]{chapter.2}{\376\377\000N\000a\000r\000z\001\031\000d\000z\000i\000a\000\040\000i\000\040\000a\000l\000g\000o\000r\000y\000t\000m\000y}{}% 36
\BOOKMARK [1][-]{section.2.1}{\376\377\000L\000a\000s\000\040\000l\000o\000s\000o\000w\000y}{chapter.2}% 37
\BOOKMARK [2][-]{subsection.2.1.1}{\376\377\000D\000r\000z\000e\000w\000o\000\040\000d\000e\000c\000y\000z\000y\000j\000n\000e}{section.2.1}% 38
\BOOKMARK [2][-]{subsection.2.1.2}{\376\377\000K\000o\000n\000s\000t\000r\000u\000k\000c\000j\000a\000\040\000l\000a\000s\000u\000\040\000l\000o\000s\000o\000w\000e\000g\000o}{section.2.1}% 39
\BOOKMARK [2][-]{subsection.2.1.3}{\376\377\000W\001\102\000a\001\133\000c\000i\000w\000o\001\133\000c\000i}{section.2.1}% 40
\BOOKMARK [2][-]{subsection.2.1.4}{\376\377\000I\000m\000p\000l\000e\000m\000e\000n\000t\000a\000c\000j\000a}{section.2.1}% 41
\BOOKMARK [3][-]{subsubsection.2.1.4.1}{\376\377\000W\000y\000b\000\363\000r\000\040\000h\000i\000p\000e\000r\000p\000a\000r\000a\000m\000e\000t\000r\000\363\000w}{subsection.2.1.4}% 42
\BOOKMARK [1][-]{section.2.2}{\376\377\000M\000a\000s\000z\000y\000n\000a\000\040\000w\000e\000k\000t\000o\000r\000\363\000w\000\040\000n\000o\001\133\000n\000y\000c\000h}{chapter.2}% 43
\BOOKMARK [2][-]{subsection.2.2.1}{\376\377\000K\000o\000n\000s\000t\000r\000u\000k\000c\000j\000a}{section.2.2}% 44
\BOOKMARK [2][-]{subsection.2.2.2}{\376\377\000W\001\102\000a\001\133\000c\000i\000w\000o\001\133\000c\000i}{section.2.2}% 45
\BOOKMARK [2][-]{subsection.2.2.3}{\376\377\000I\000m\000p\000l\000e\000m\000e\000n\000t\000a\000c\000j\000a}{section.2.2}% 46
\BOOKMARK [1][-]{section.2.3}{\376\377\000K\000o\000n\000w\000o\000l\000u\000c\000y\000j\000n\000a\000\040\000s\000i\000e\001\007\000\040\000n\000e\000u\000r\000o\000n\000o\000w\000a}{chapter.2}% 47
\BOOKMARK [2][-]{subsection.2.3.1}{\376\377\000S\000i\000e\000c\000i\000\040\000n\000e\000u\000r\000o\000n\000o\000w\000e}{section.2.3}% 48
\BOOKMARK [2][-]{subsection.2.3.2}{\376\377\000T\000r\000e\000n\000i\000n\000g\000\040\000s\000i\000e\000c\000i\000\040\000n\000e\000u\000r\000o\000n\000o\000w\000e\000j}{section.2.3}% 49
\BOOKMARK [2][-]{subsection.2.3.3}{\376\377\000S\000i\000e\000c\000i\000\040\000k\000o\000n\000w\000o\000l\000u\000c\000y\000j\000n\000e}{section.2.3}% 50
\BOOKMARK [2][-]{subsection.2.3.4}{\376\377\000W\000y\000k\000o\000r\000z\000y\000s\000t\000a\000n\000i\000e\000\040\000s\000i\000e\000c\000i\000\040\000k\000o\000n\000w\000o\000l\000u\000c\000y\000j\000n\000y\000c\000h\000\040\000w\000\040\000p\000r\000z\000e\000t\000w\000a\000r\000z\000a\000n\000i\000u\000\040\000j\001\031\000z\000y\000k\000a\000\040\000n\000a\000t\000u\000r\000a\000l\000n\000e\000g\000o}{section.2.3}% 51
\BOOKMARK [2][-]{subsection.2.3.5}{\376\377\000I\000m\000p\000l\000e\000m\000e\000n\000t\000a\000c\000j\000a}{section.2.3}% 52
\BOOKMARK [3][-]{subsubsection.2.3.5.1}{\376\377\000W\000o\000r\000d\0002\000V\000e\000c}{subsection.2.3.5}% 53
\BOOKMARK [3][-]{subsubsection.2.3.5.2}{\376\377\000S\000i\000e\001\007\000\040\000k\000o\000n\000w\000o\000l\000u\000c\000y\000j\000n\000a}{subsection.2.3.5}% 54
\BOOKMARK [1][-]{section.2.4}{\376\377\000S\000i\000e\001\007\000\040\000L\000S\000T\000M}{chapter.2}% 55
\BOOKMARK [2][-]{subsection.2.4.1}{\376\377\000R\000e\000k\000u\000r\000e\000n\000c\000y\000j\000n\000a\000\040\000s\000i\000e\001\007\000\040\000n\000e\000u\000r\000o\000n\000o\000w\000a}{section.2.4}% 56
\BOOKMARK [2][-]{subsection.2.4.2}{\376\377\000K\000o\000n\000s\000t\000r\000u\000k\000c\000j\000a\000\040\000L\000S\000T\000M}{section.2.4}% 57
\BOOKMARK [2][-]{subsection.2.4.3}{\376\377\000Z\000a\000s\000t\000o\000s\000o\000w\000a\000n\000i\000e\000\040\000L\000S\000T\000M\000\040\000w\000\040\000p\000r\000z\000e\000t\000w\000a\000r\000z\000a\000n\000i\000u\000\040\000j\001\031\000z\000y\000k\000a\000\040\000n\000a\000t\000u\000r\000a\000l\000n\000e\000g\000o}{section.2.4}% 58
\BOOKMARK [2][-]{subsection.2.4.4}{\376\377\000I\000m\000p\000l\000e\000m\000e\000n\000t\000a\000c\000j\000a}{section.2.4}% 59
\BOOKMARK [1][-]{section.2.5}{\376\377\000P\000o\001\102\001\005\000c\000z\000e\000n\000i\000e\000\040\000s\000i\000e\000c\000i\000\040\000k\000o\000n\000w\000o\000l\000u\000c\000y\000j\000n\000e\000j\000\040\000i\000\040\000L\000S\000T\000M}{chapter.2}% 60
\BOOKMARK [0][-]{chapter.3}{\376\377\000A\000n\000a\000l\000i\000z\000a\000\040\000i\000\040\000m\000o\000d\000e\000l\000o\000w\000a\000n\000i\000e}{}% 61
\BOOKMARK [1][-]{section.3.1}{\376\377\000W\000s\000t\001\031\000p\000n\000e\000\040\000p\000r\000z\000y\000g\000o\000t\000o\000w\000a\000n\000i\000e\000\040\000z\000b\000i\000o\000r\000u\000\040\000d\000a\000n\000y\000c\000h}{chapter.3}% 62
\BOOKMARK [1][-]{section.3.2}{\376\377\000M\000o\000d\000e\000l\000o\000w\000a\000n\000i\000e}{chapter.3}% 63
\BOOKMARK [2][-]{subsection.3.2.1}{\376\377\000L\000a\000s\000\040\000l\000o\000s\000o\000w\000y}{section.3.2}% 64
\BOOKMARK [2][-]{subsection.3.2.2}{\376\377\000S\000V\000M}{section.3.2}% 65
\BOOKMARK [2][-]{subsection.3.2.3}{\376\377\000S\000i\000e\000c\000i\000\040\000n\000e\000u\000r\000o\000n\000o\000w\000e}{section.3.2}% 66
\BOOKMARK [2][-]{subsection.3.2.4}{\376\377\000K\000o\000n\000w\000o\000l\000u\000c\000y\000j\000n\000a\000\040\000s\000i\000e\001\007\000\040\000n\000e\000u\000r\000o\000n\000o\000w\000a}{section.3.2}% 67
\BOOKMARK [2][-]{subsection.3.2.5}{\376\377\000L\000S\000T\000M}{section.3.2}% 68
\BOOKMARK [2][-]{subsection.3.2.6}{\376\377\000C\000N\000N\040\023\000L\000S\000T\000M\000\040\000E\000n\000s\000e\000m\000b\000l\000e}{section.3.2}% 69
\BOOKMARK [1][-]{section.3.3}{\376\377\000P\000o\000r\000\363\000w\000n\000a\000n\000i\000e\000\040\000w\000y\000n\000i\000k\000\363\000w\000\040\000d\000l\000a\000\040\000w\000s\000z\000y\000s\000t\000k\000i\000c\000h\000\040\000m\000o\000d\000e\000l\000i}{chapter.3}% 70
\BOOKMARK [0][-]{chapter.4}{\376\377\000P\000o\000d\000s\000u\000m\000o\000w\000a\000n\000i\000e}{}% 71
\BOOKMARK [0][-]{chapter.4}{\376\377\000B\000i\000b\000l\000i\000o\000g\000r\000a\000f\000i\000a}{}% 72
